c:\users\alex\desktop\queens\4thyear\second semester\cmpe454\cmpe-454\a4\a4\windows\debug\vc142.pdb
c:\users\alex\desktop\queens\4thyear\second semester\cmpe454\cmpe-454\a4\a4\windows\debug\vc142.idb
c:\users\alex\desktop\queens\4thyear\second semester\cmpe454\cmpe-454\a4\a4\windows\debug\triangle.obj
c:\users\alex\desktop\queens\4thyear\second semester\cmpe454\cmpe-454\a4\a4\windows\debug\texture.obj
c:\users\alex\desktop\queens\4thyear\second semester\cmpe454\cmpe-454\a4\a4\windows\debug\sphere.obj
c:\users\alex\desktop\queens\4thyear\second semester\cmpe454\cmpe-454\a4\a4\windows\debug\scene.obj
c:\users\alex\desktop\queens\4thyear\second semester\cmpe454\cmpe-454\a4\a4\windows\debug\rtwindow.obj
c:\users\alex\desktop\queens\4thyear\second semester\cmpe454\cmpe-454\a4\a4\windows\debug\pixelzoom.obj
c:\users\alex\desktop\queens\4thyear\second semester\cmpe454\cmpe-454\a4\a4\windows\debug\object.obj
c:\users\alex\desktop\queens\4thyear\second semester\cmpe454\cmpe-454\a4\a4\windows\debug\material.obj
c:\users\alex\desktop\queens\4thyear\second semester\cmpe454\cmpe-454\a4\a4\windows\debug\main.obj
c:\users\alex\desktop\queens\4thyear\second semester\cmpe454\cmpe-454\a4\a4\windows\debug\linalg.obj
c:\users\alex\desktop\queens\4thyear\second semester\cmpe454\cmpe-454\a4\a4\windows\debug\light.obj
c:\users\alex\desktop\queens\4thyear\second semester\cmpe454\cmpe-454\a4\a4\windows\debug\gpuprogram.obj
c:\users\alex\desktop\queens\4thyear\second semester\cmpe454\cmpe-454\a4\a4\windows\debug\font.obj
c:\users\alex\desktop\queens\4thyear\second semester\cmpe454\cmpe-454\a4\a4\windows\debug\eye.obj
c:\users\alex\desktop\queens\4thyear\second semester\cmpe454\cmpe-454\a4\a4\windows\debug\drawsegs.obj
c:\users\alex\desktop\queens\4thyear\second semester\cmpe454\cmpe-454\a4\a4\windows\debug\bvh.obj
c:\users\alex\desktop\queens\4thyear\second semester\cmpe454\cmpe-454\a4\a4\windows\debug\bbox.obj
c:\users\alex\desktop\queens\4thyear\second semester\cmpe454\cmpe-454\a4\a4\windows\debug\axes.obj
c:\users\alex\desktop\queens\4thyear\second semester\cmpe454\cmpe-454\a4\a4\windows\debug\arrow.obj
c:\users\alex\desktop\queens\4thyear\second semester\cmpe454\cmpe-454\a4\a4\windows\debug\arcball.obj
c:\users\alex\desktop\queens\4thyear\second semester\cmpe454\cmpe-454\a4\a4\windows\debug\wavefrontobj.obj
c:\users\alex\desktop\queens\4thyear\second semester\cmpe454\cmpe-454\a4\a4\windows\debug\wavefront.obj
c:\users\alex\desktop\queens\4thyear\second semester\cmpe454\cmpe-454\a4\a4\windows\debug\vertex.obj
c:\users\alex\desktop\queens\4thyear\second semester\cmpe454\cmpe-454\a4\a4\windows\debug\glad.obj
c:\users\alex\desktop\queens\4thyear\second semester\cmpe454\cmpe-454\a4\a4\windows\debug\rt.exe
c:\users\alex\desktop\queens\4thyear\second semester\cmpe454\cmpe-454\a4\a4\windows\debug\rt.ilk
c:\users\alex\desktop\queens\4thyear\second semester\cmpe454\cmpe-454\a4\a4\windows\debug\rt.pdb
c:\users\alex\desktop\queens\4thyear\second semester\cmpe454\cmpe-454\a4\a4\windows\debug\rt.tlog\cl.command.1.tlog
c:\users\alex\desktop\queens\4thyear\second semester\cmpe454\cmpe-454\a4\a4\windows\debug\rt.tlog\cl.read.1.tlog
c:\users\alex\desktop\queens\4thyear\second semester\cmpe454\cmpe-454\a4\a4\windows\debug\rt.tlog\cl.write.1.tlog
c:\users\alex\desktop\queens\4thyear\second semester\cmpe454\cmpe-454\a4\a4\windows\debug\rt.tlog\link.command.1.tlog
c:\users\alex\desktop\queens\4thyear\second semester\cmpe454\cmpe-454\a4\a4\windows\debug\rt.tlog\link.read.1.tlog
c:\users\alex\desktop\queens\4thyear\second semester\cmpe454\cmpe-454\a4\a4\windows\debug\rt.tlog\link.write.1.tlog
